Determining if the pthread_create exist failed with the following output:
Change Dir: /home/aurkorouth/proj/435-Project/MPI/CMakeFiles/CMakeTmp

Run Build Command:"/usr/bin/gmake" "cmTC_bc30d/fast"
/usr/bin/gmake -f CMakeFiles/cmTC_bc30d.dir/build.make CMakeFiles/cmTC_bc30d.dir/build
gmake[1]: Entering directory `/home/aurkorouth/proj/435-Project/MPI/CMakeFiles/CMakeTmp'
Building CXX object CMakeFiles/cmTC_bc30d.dir/CheckSymbolExists.cxx.o
/sw/eb/sw/GCCcore/10.2.0/bin/c++     -o CMakeFiles/cmTC_bc30d.dir/CheckSymbolExists.cxx.o -c /home/aurkorouth/proj/435-Project/MPI/CMakeFiles/CMakeTmp/CheckSymbolExists.cxx
Linking CXX executable cmTC_bc30d
/sw/eb/sw/CMake/3.12.1/bin/cmake -E cmake_link_script CMakeFiles/cmTC_bc30d.dir/link.txt --verbose=1
/sw/eb/sw/GCCcore/10.2.0/bin/c++       CMakeFiles/cmTC_bc30d.dir/CheckSymbolExists.cxx.o  -o cmTC_bc30d 
CMakeFiles/cmTC_bc30d.dir/CheckSymbolExists.cxx.o:CheckSymbolExists.cxx:function main: error: undefined reference to 'pthread_create'
collect2: error: ld returned 1 exit status
gmake[1]: *** [cmTC_bc30d] Error 1
gmake[1]: Leaving directory `/home/aurkorouth/proj/435-Project/MPI/CMakeFiles/CMakeTmp'
gmake: *** [cmTC_bc30d/fast] Error 2

File /home/aurkorouth/proj/435-Project/MPI/CMakeFiles/CMakeTmp/CheckSymbolExists.cxx:
/* */
#include <pthread.h>

int main(int argc, char** argv)
{
  (void)argv;
#ifndef pthread_create
  return ((int*)(&pthread_create))[argc];
#else
  (void)argc;
  return 0;
#endif
}

Determining if the function pthread_create exists in the pthreads failed with the following output:
Change Dir: /home/aurkorouth/proj/435-Project/MPI/CMakeFiles/CMakeTmp

Run Build Command:"/usr/bin/gmake" "cmTC_c666b/fast"
/usr/bin/gmake -f CMakeFiles/cmTC_c666b.dir/build.make CMakeFiles/cmTC_c666b.dir/build
gmake[1]: Entering directory `/home/aurkorouth/proj/435-Project/MPI/CMakeFiles/CMakeTmp'
Building CXX object CMakeFiles/cmTC_c666b.dir/CheckFunctionExists.cxx.o
/sw/eb/sw/GCCcore/10.2.0/bin/c++    -DCHECK_FUNCTION_EXISTS=pthread_create   -o CMakeFiles/cmTC_c666b.dir/CheckFunctionExists.cxx.o -c /home/aurkorouth/proj/435-Project/MPI/CMakeFiles/CheckLibraryExists/CheckFunctionExists.cxx
Linking CXX executable cmTC_c666b
/sw/eb/sw/CMake/3.12.1/bin/cmake -E cmake_link_script CMakeFiles/cmTC_c666b.dir/link.txt --verbose=1
/sw/eb/sw/GCCcore/10.2.0/bin/c++   -DCHECK_FUNCTION_EXISTS=pthread_create    CMakeFiles/cmTC_c666b.dir/CheckFunctionExists.cxx.o  -o cmTC_c666b -lpthreads 
/sw/eb/sw/binutils/2.35-GCCcore-10.2.0/bin/ld.gold: error: cannot find -lpthreads
CMakeFiles/cmTC_c666b.dir/CheckFunctionExists.cxx.o:CheckFunctionExists.cxx:function main: error: undefined reference to 'pthread_create'
collect2: error: ld returned 1 exit status
gmake[1]: *** [cmTC_c666b] Error 1
gmake[1]: Leaving directory `/home/aurkorouth/proj/435-Project/MPI/CMakeFiles/CMakeTmp'
gmake: *** [cmTC_c666b/fast] Error 2


