The system is: Linux - 3.10.0-1160.102.1.el7.x86_64 - x86_64
Compiling the CXX compiler identification source file "CMakeCXXCompilerId.cpp" succeeded.
Compiler: /sw/eb/sw/GCCcore/10.2.0/bin/c++ 
Build flags: 
Id flags:  

The output was:
0


Compilation of the CXX compiler identification source "CMakeCXXCompilerId.cpp" produced "a.out"

The CXX compiler identification is GNU, found in "/home/aurkorouth/proj/435-Project/MPI/CMakeFiles/3.12.1/CompilerIdCXX/a.out"

Determining if the CXX compiler works passed with the following output:
Change Dir: /home/aurkorouth/proj/435-Project/MPI/CMakeFiles/CMakeTmp

Run Build Command:"/usr/bin/gmake" "cmTC_0bffe/fast"
/usr/bin/gmake -f CMakeFiles/cmTC_0bffe.dir/build.make CMakeFiles/cmTC_0bffe.dir/build
gmake[1]: Entering directory `/home/aurkorouth/proj/435-Project/MPI/CMakeFiles/CMakeTmp'
Building CXX object CMakeFiles/cmTC_0bffe.dir/testCXXCompiler.cxx.o
/sw/eb/sw/GCCcore/10.2.0/bin/c++     -o CMakeFiles/cmTC_0bffe.dir/testCXXCompiler.cxx.o -c /home/aurkorouth/proj/435-Project/MPI/CMakeFiles/CMakeTmp/testCXXCompiler.cxx
Linking CXX executable cmTC_0bffe
/sw/eb/sw/CMake/3.12.1/bin/cmake -E cmake_link_script CMakeFiles/cmTC_0bffe.dir/link.txt --verbose=1
/sw/eb/sw/GCCcore/10.2.0/bin/c++       CMakeFiles/cmTC_0bffe.dir/testCXXCompiler.cxx.o  -o cmTC_0bffe 
gmake[1]: Leaving directory `/home/aurkorouth/proj/435-Project/MPI/CMakeFiles/CMakeTmp'


Detecting CXX compiler ABI info compiled with the following output:
Change Dir: /home/aurkorouth/proj/435-Project/MPI/CMakeFiles/CMakeTmp

Run Build Command:"/usr/bin/gmake" "cmTC_3f09f/fast"
/usr/bin/gmake -f CMakeFiles/cmTC_3f09f.dir/build.make CMakeFiles/cmTC_3f09f.dir/build
gmake[1]: Entering directory `/home/aurkorouth/proj/435-Project/MPI/CMakeFiles/CMakeTmp'
Building CXX object CMakeFiles/cmTC_3f09f.dir/CMakeCXXCompilerABI.cpp.o
/sw/eb/sw/GCCcore/10.2.0/bin/c++     -o CMakeFiles/cmTC_3f09f.dir/CMakeCXXCompilerABI.cpp.o -c /sw/eb/sw/CMake/3.12.1/share/cmake-3.12/Modules/CMakeCXXCompilerABI.cpp
Linking CXX executable cmTC_3f09f
/sw/eb/sw/CMake/3.12.1/bin/cmake -E cmake_link_script CMakeFiles/cmTC_3f09f.dir/link.txt --verbose=1
/sw/eb/sw/GCCcore/10.2.0/bin/c++      -v CMakeFiles/cmTC_3f09f.dir/CMakeCXXCompilerABI.cpp.o  -o cmTC_3f09f 
Using built-in specs.
COLLECT_GCC=/sw/eb/sw/GCCcore/10.2.0/bin/c++
COLLECT_LTO_WRAPPER=/sw/eb/sw/GCCcore/10.2.0/libexec/gcc/x86_64-pc-linux-gnu/10.2.0/lto-wrapper
OFFLOAD_TARGET_NAMES=nvptx-none
Target: x86_64-pc-linux-gnu
Configured with: ../configure --enable-languages=c,c++,fortran --without-cuda-driver --enable-offload-targets=nvptx-none --enable-lto --enable-checking=release --disable-multilib --enable-shared=yes --enable-static=yes --enable-threads=posix --enable-plugins --enable-gold=default --enable-ld --with-plugin-ld=ld.gold --prefix=/sw/eb/sw/GCCcore/10.2.0 --with-local-prefix=/sw/eb/sw/GCCcore/10.2.0 --enable-bootstrap --with-isl=/tmp/j-perdue/easybuild/GCCcore/10.2.0/system-system/gcc-10.2.0/stage2_stuff --build=x86_64-pc-linux-gnu --host=x86_64-pc-linux-gnu
Thread model: posix
Supported LTO compression algorithms: zlib
gcc version 10.2.0 (GCC) 
COMPILER_PATH=/sw/eb/sw/GCCcore/10.2.0/libexec/gcc/x86_64-pc-linux-gnu/10.2.0/:/sw/eb/sw/GCCcore/10.2.0/libexec/gcc/x86_64-pc-linux-gnu/10.2.0/:/sw/eb/sw/GCCcore/10.2.0/libexec/gcc/x86_64-pc-linux-gnu/:/sw/eb/sw/GCCcore/10.2.0/lib/gcc/x86_64-pc-linux-gnu/10.2.0/:/sw/eb/sw/GCCcore/10.2.0/lib/gcc/x86_64-pc-linux-gnu/
LIBRARY_PATH=/sw/eb/sw/zlib/1.2.11-intel-2020b/lib/../lib64/:/sw/eb/sw/UCX/1.9.0-GCCcore-10.2.0/lib/../lib64/:/sw/eb/sw/numactl/2.0.13-GCCcore-10.2.0/lib/../lib64/:/sw/eb/sw/binutils/2.35-GCCcore-10.2.0/lib/../lib64/:/sw/eb/sw/GCCcore/10.2.0/lib/gcc/x86_64-pc-linux-gnu/10.2.0/:/sw/eb/sw/GCCcore/10.2.0/lib/gcc/x86_64-pc-linux-gnu/10.2.0/../../../../lib64/:/lib/../lib64/:/usr/lib/../lib64/:/sw/eb/sw/zlib/1.2.11-intel-2020b/lib/:/sw/eb/sw/imkl/2020.4.304-iimpi-2020b/mkl/lib/intel64/:/sw/eb/sw/imkl/2020.4.304-iimpi-2020b/lib/intel64/:/sw/eb/sw/impi/2019.9.304-iccifort-2020.4.304/intel64/libfabric/lib/:/sw/eb/sw/impi/2019.9.304-iccifort-2020.4.304/intel64/lib/release/:/sw/eb/sw/impi/2019.9.304-iccifort-2020.4.304/intel64/lib/:/sw/eb/sw/UCX/1.9.0-GCCcore-10.2.0/lib/:/sw/eb/sw/numactl/2.0.13-GCCcore-10.2.0/lib/:/sw/eb/sw/iccifort/2020.4.304/compilers_and_libraries_2020.4.304/linux/tbb/lib/intel64/gcc4.8/:/sw/eb/sw/binutils/2.35-GCCcore-10.2.0/lib/:/sw/eb/sw/GCCcore/10.2.0/lib/gcc/x86_64-pc-linux-gnu/10.2.0/../../../:/lib/:/usr/lib/
COLLECT_GCC_OPTIONS='-v' '-o' 'cmTC_3f09f' '-shared-libgcc' '-mtune=generic' '-march=x86-64'
 /sw/eb/sw/GCCcore/10.2.0/libexec/gcc/x86_64-pc-linux-gnu/10.2.0/collect2 -plugin /sw/eb/sw/GCCcore/10.2.0/libexec/gcc/x86_64-pc-linux-gnu/10.2.0/liblto_plugin.so -plugin-opt=/sw/eb/sw/GCCcore/10.2.0/libexec/gcc/x86_64-pc-linux-gnu/10.2.0/lto-wrapper -plugin-opt=-fresolution=/tmp/cc3smVtG.res -plugin-opt=-pass-through=-lgcc_s -plugin-opt=-pass-through=-lgcc -plugin-opt=-pass-through=-lc -plugin-opt=-pass-through=-lgcc_s -plugin-opt=-pass-through=-lgcc --eh-frame-hdr -m elf_x86_64 -dynamic-linker /lib64/ld-linux-x86-64.so.2 -o cmTC_3f09f /lib/../lib64/crt1.o /lib/../lib64/crti.o /sw/eb/sw/GCCcore/10.2.0/lib/gcc/x86_64-pc-linux-gnu/10.2.0/crtbegin.o -L/sw/eb/sw/zlib/1.2.11-intel-2020b/lib/../lib64 -L/sw/eb/sw/UCX/1.9.0-GCCcore-10.2.0/lib/../lib64 -L/sw/eb/sw/numactl/2.0.13-GCCcore-10.2.0/lib/../lib64 -L/sw/eb/sw/binutils/2.35-GCCcore-10.2.0/lib/../lib64 -L/sw/eb/sw/GCCcore/10.2.0/lib/gcc/x86_64-pc-linux-gnu/10.2.0 -L/sw/eb/sw/GCCcore/10.2.0/lib/gcc/x86_64-pc-linux-gnu/10.2.0/../../../../lib64 -L/lib/../lib64 -L/usr/lib/../lib64 -L/sw/eb/sw/zlib/1.2.11-intel-2020b/lib -L/sw/eb/sw/imkl/2020.4.304-iimpi-2020b/mkl/lib/intel64 -L/sw/eb/sw/imkl/2020.4.304-iimpi-2020b/lib/intel64 -L/sw/eb/sw/impi/2019.9.304-iccifort-2020.4.304/intel64/libfabric/lib -L/sw/eb/sw/impi/2019.9.304-iccifort-2020.4.304/intel64/lib/release -L/sw/eb/sw/impi/2019.9.304-iccifort-2020.4.304/intel64/lib -L/sw/eb/sw/UCX/1.9.0-GCCcore-10.2.0/lib -L/sw/eb/sw/numactl/2.0.13-GCCcore-10.2.0/lib -L/sw/eb/sw/iccifort/2020.4.304/compilers_and_libraries_2020.4.304/linux/tbb/lib/intel64/gcc4.8 -L/sw/eb/sw/binutils/2.35-GCCcore-10.2.0/lib -L/sw/eb/sw/GCCcore/10.2.0/lib/gcc/x86_64-pc-linux-gnu/10.2.0/../../.. CMakeFiles/cmTC_3f09f.dir/CMakeCXXCompilerABI.cpp.o -lstdc++ -lm -lgcc_s -lgcc -lc -lgcc_s -lgcc /sw/eb/sw/GCCcore/10.2.0/lib/gcc/x86_64-pc-linux-gnu/10.2.0/crtend.o /lib/../lib64/crtn.o
COLLECT_GCC_OPTIONS='-v' '-o' 'cmTC_3f09f' '-shared-libgcc' '-mtune=generic' '-march=x86-64'
gmake[1]: Leaving directory `/home/aurkorouth/proj/435-Project/MPI/CMakeFiles/CMakeTmp'


Parsed CXX implicit link information from above output:
  link line regex: [^( *|.*[/\])(ld|CMAKE_LINK_STARTFILE-NOTFOUND|([^/\]+-)?ld|collect2)[^/\]*( |$)]
  ignore line: [Change Dir: /home/aurkorouth/proj/435-Project/MPI/CMakeFiles/CMakeTmp]
  ignore line: []
  ignore line: [Run Build Command:"/usr/bin/gmake" "cmTC_3f09f/fast"]
  ignore line: [/usr/bin/gmake -f CMakeFiles/cmTC_3f09f.dir/build.make CMakeFiles/cmTC_3f09f.dir/build]
  ignore line: [gmake[1]: Entering directory `/home/aurkorouth/proj/435-Project/MPI/CMakeFiles/CMakeTmp']
  ignore line: [Building CXX object CMakeFiles/cmTC_3f09f.dir/CMakeCXXCompilerABI.cpp.o]
  ignore line: [/sw/eb/sw/GCCcore/10.2.0/bin/c++     -o CMakeFiles/cmTC_3f09f.dir/CMakeCXXCompilerABI.cpp.o -c /sw/eb/sw/CMake/3.12.1/share/cmake-3.12/Modules/CMakeCXXCompilerABI.cpp]
  ignore line: [Linking CXX executable cmTC_3f09f]
  ignore line: [/sw/eb/sw/CMake/3.12.1/bin/cmake -E cmake_link_script CMakeFiles/cmTC_3f09f.dir/link.txt --verbose=1]
  ignore line: [/sw/eb/sw/GCCcore/10.2.0/bin/c++      -v CMakeFiles/cmTC_3f09f.dir/CMakeCXXCompilerABI.cpp.o  -o cmTC_3f09f ]
  ignore line: [Using built-in specs.]
  ignore line: [COLLECT_GCC=/sw/eb/sw/GCCcore/10.2.0/bin/c++]
  ignore line: [COLLECT_LTO_WRAPPER=/sw/eb/sw/GCCcore/10.2.0/libexec/gcc/x86_64-pc-linux-gnu/10.2.0/lto-wrapper]
  ignore line: [OFFLOAD_TARGET_NAMES=nvptx-none]
  ignore line: [Target: x86_64-pc-linux-gnu]
  ignore line: [Configured with: ../configure --enable-languages=c,c++,fortran --without-cuda-driver --enable-offload-targets=nvptx-none --enable-lto --enable-checking=release --disable-multilib --enable-shared=yes --enable-static=yes --enable-threads=posix --enable-plugins --enable-gold=default --enable-ld --with-plugin-ld=ld.gold --prefix=/sw/eb/sw/GCCcore/10.2.0 --with-local-prefix=/sw/eb/sw/GCCcore/10.2.0 --enable-bootstrap --with-isl=/tmp/j-perdue/easybuild/GCCcore/10.2.0/system-system/gcc-10.2.0/stage2_stuff --build=x86_64-pc-linux-gnu --host=x86_64-pc-linux-gnu]
  ignore line: [Thread model: posix]
  ignore line: [Supported LTO compression algorithms: zlib]
  ignore line: [gcc version 10.2.0 (GCC) ]
  ignore line: [COMPILER_PATH=/sw/eb/sw/GCCcore/10.2.0/libexec/gcc/x86_64-pc-linux-gnu/10.2.0/:/sw/eb/sw/GCCcore/10.2.0/libexec/gcc/x86_64-pc-linux-gnu/10.2.0/:/sw/eb/sw/GCCcore/10.2.0/libexec/gcc/x86_64-pc-linux-gnu/:/sw/eb/sw/GCCcore/10.2.0/lib/gcc/x86_64-pc-linux-gnu/10.2.0/:/sw/eb/sw/GCCcore/10.2.0/lib/gcc/x86_64-pc-linux-gnu/]
  ignore line: [LIBRARY_PATH=/sw/eb/sw/zlib/1.2.11-intel-2020b/lib/../lib64/:/sw/eb/sw/UCX/1.9.0-GCCcore-10.2.0/lib/../lib64/:/sw/eb/sw/numactl/2.0.13-GCCcore-10.2.0/lib/../lib64/:/sw/eb/sw/binutils/2.35-GCCcore-10.2.0/lib/../lib64/:/sw/eb/sw/GCCcore/10.2.0/lib/gcc/x86_64-pc-linux-gnu/10.2.0/:/sw/eb/sw/GCCcore/10.2.0/lib/gcc/x86_64-pc-linux-gnu/10.2.0/../../../../lib64/:/lib/../lib64/:/usr/lib/../lib64/:/sw/eb/sw/zlib/1.2.11-intel-2020b/lib/:/sw/eb/sw/imkl/2020.4.304-iimpi-2020b/mkl/lib/intel64/:/sw/eb/sw/imkl/2020.4.304-iimpi-2020b/lib/intel64/:/sw/eb/sw/impi/2019.9.304-iccifort-2020.4.304/intel64/libfabric/lib/:/sw/eb/sw/impi/2019.9.304-iccifort-2020.4.304/intel64/lib/release/:/sw/eb/sw/impi/2019.9.304-iccifort-2020.4.304/intel64/lib/:/sw/eb/sw/UCX/1.9.0-GCCcore-10.2.0/lib/:/sw/eb/sw/numactl/2.0.13-GCCcore-10.2.0/lib/:/sw/eb/sw/iccifort/2020.4.304/compilers_and_libraries_2020.4.304/linux/tbb/lib/intel64/gcc4.8/:/sw/eb/sw/binutils/2.35-GCCcore-10.2.0/lib/:/sw/eb/sw/GCCcore/10.2.0/lib/gcc/x86_64-pc-linux-gnu/10.2.0/../../../:/lib/:/usr/lib/]
  ignore line: [COLLECT_GCC_OPTIONS='-v' '-o' 'cmTC_3f09f' '-shared-libgcc' '-mtune=generic' '-march=x86-64']
  link line: [ /sw/eb/sw/GCCcore/10.2.0/libexec/gcc/x86_64-pc-linux-gnu/10.2.0/collect2 -plugin /sw/eb/sw/GCCcore/10.2.0/libexec/gcc/x86_64-pc-linux-gnu/10.2.0/liblto_plugin.so -plugin-opt=/sw/eb/sw/GCCcore/10.2.0/libexec/gcc/x86_64-pc-linux-gnu/10.2.0/lto-wrapper -plugin-opt=-fresolution=/tmp/cc3smVtG.res -plugin-opt=-pass-through=-lgcc_s -plugin-opt=-pass-through=-lgcc -plugin-opt=-pass-through=-lc -plugin-opt=-pass-through=-lgcc_s -plugin-opt=-pass-through=-lgcc --eh-frame-hdr -m elf_x86_64 -dynamic-linker /lib64/ld-linux-x86-64.so.2 -o cmTC_3f09f /lib/../lib64/crt1.o /lib/../lib64/crti.o /sw/eb/sw/GCCcore/10.2.0/lib/gcc/x86_64-pc-linux-gnu/10.2.0/crtbegin.o -L/sw/eb/sw/zlib/1.2.11-intel-2020b/lib/../lib64 -L/sw/eb/sw/UCX/1.9.0-GCCcore-10.2.0/lib/../lib64 -L/sw/eb/sw/numactl/2.0.13-GCCcore-10.2.0/lib/../lib64 -L/sw/eb/sw/binutils/2.35-GCCcore-10.2.0/lib/../lib64 -L/sw/eb/sw/GCCcore/10.2.0/lib/gcc/x86_64-pc-linux-gnu/10.2.0 -L/sw/eb/sw/GCCcore/10.2.0/lib/gcc/x86_64-pc-linux-gnu/10.2.0/../../../../lib64 -L/lib/../lib64 -L/usr/lib/../lib64 -L/sw/eb/sw/zlib/1.2.11-intel-2020b/lib -L/sw/eb/sw/imkl/2020.4.304-iimpi-2020b/mkl/lib/intel64 -L/sw/eb/sw/imkl/2020.4.304-iimpi-2020b/lib/intel64 -L/sw/eb/sw/impi/2019.9.304-iccifort-2020.4.304/intel64/libfabric/lib -L/sw/eb/sw/impi/2019.9.304-iccifort-2020.4.304/intel64/lib/release -L/sw/eb/sw/impi/2019.9.304-iccifort-2020.4.304/intel64/lib -L/sw/eb/sw/UCX/1.9.0-GCCcore-10.2.0/lib -L/sw/eb/sw/numactl/2.0.13-GCCcore-10.2.0/lib -L/sw/eb/sw/iccifort/2020.4.304/compilers_and_libraries_2020.4.304/linux/tbb/lib/intel64/gcc4.8 -L/sw/eb/sw/binutils/2.35-GCCcore-10.2.0/lib -L/sw/eb/sw/GCCcore/10.2.0/lib/gcc/x86_64-pc-linux-gnu/10.2.0/../../.. CMakeFiles/cmTC_3f09f.dir/CMakeCXXCompilerABI.cpp.o -lstdc++ -lm -lgcc_s -lgcc -lc -lgcc_s -lgcc /sw/eb/sw/GCCcore/10.2.0/lib/gcc/x86_64-pc-linux-gnu/10.2.0/crtend.o /lib/../lib64/crtn.o]
    arg [/sw/eb/sw/GCCcore/10.2.0/libexec/gcc/x86_64-pc-linux-gnu/10.2.0/collect2] ==> ignore
    arg [-plugin] ==> ignore
    arg [/sw/eb/sw/GCCcore/10.2.0/libexec/gcc/x86_64-pc-linux-gnu/10.2.0/liblto_plugin.so] ==> ignore
    arg [-plugin-opt=/sw/eb/sw/GCCcore/10.2.0/libexec/gcc/x86_64-pc-linux-gnu/10.2.0/lto-wrapper] ==> ignore
    arg [-plugin-opt=-fresolution=/tmp/cc3smVtG.res] ==> ignore
    arg [-plugin-opt=-pass-through=-lgcc_s] ==> ignore
    arg [-plugin-opt=-pass-through=-lgcc] ==> ignore
    arg [-plugin-opt=-pass-through=-lc] ==> ignore
    arg [-plugin-opt=-pass-through=-lgcc_s] ==> ignore
    arg [-plugin-opt=-pass-through=-lgcc] ==> ignore
    arg [--eh-frame-hdr] ==> ignore
    arg [-m] ==> ignore
    arg [elf_x86_64] ==> ignore
    arg [-dynamic-linker] ==> ignore
    arg [/lib64/ld-linux-x86-64.so.2] ==> ignore
    arg [-o] ==> ignore
    arg [cmTC_3f09f] ==> ignore
    arg [/lib/../lib64/crt1.o] ==> ignore
    arg [/lib/../lib64/crti.o] ==> ignore
    arg [/sw/eb/sw/GCCcore/10.2.0/lib/gcc/x86_64-pc-linux-gnu/10.2.0/crtbegin.o] ==> ignore
    arg [-L/sw/eb/sw/zlib/1.2.11-intel-2020b/lib/../lib64] ==> dir [/sw/eb/sw/zlib/1.2.11-intel-2020b/lib/../lib64]
    arg [-L/sw/eb/sw/UCX/1.9.0-GCCcore-10.2.0/lib/../lib64] ==> dir [/sw/eb/sw/UCX/1.9.0-GCCcore-10.2.0/lib/../lib64]
    arg [-L/sw/eb/sw/numactl/2.0.13-GCCcore-10.2.0/lib/../lib64] ==> dir [/sw/eb/sw/numactl/2.0.13-GCCcore-10.2.0/lib/../lib64]
    arg [-L/sw/eb/sw/binutils/2.35-GCCcore-10.2.0/lib/../lib64] ==> dir [/sw/eb/sw/binutils/2.35-GCCcore-10.2.0/lib/../lib64]
    arg [-L/sw/eb/sw/GCCcore/10.2.0/lib/gcc/x86_64-pc-linux-gnu/10.2.0] ==> dir [/sw/eb/sw/GCCcore/10.2.0/lib/gcc/x86_64-pc-linux-gnu/10.2.0]
    arg [-L/sw/eb/sw/GCCcore/10.2.0/lib/gcc/x86_64-pc-linux-gnu/10.2.0/../../../../lib64] ==> dir [/sw/eb/sw/GCCcore/10.2.0/lib/gcc/x86_64-pc-linux-gnu/10.2.0/../../../../lib64]
    arg [-L/lib/../lib64] ==> dir [/lib/../lib64]
    arg [-L/usr/lib/../lib64] ==> dir [/usr/lib/../lib64]
    arg [-L/sw/eb/sw/zlib/1.2.11-intel-2020b/lib] ==> dir [/sw/eb/sw/zlib/1.2.11-intel-2020b/lib]
    arg [-L/sw/eb/sw/imkl/2020.4.304-iimpi-2020b/mkl/lib/intel64] ==> dir [/sw/eb/sw/imkl/2020.4.304-iimpi-2020b/mkl/lib/intel64]
    arg [-L/sw/eb/sw/imkl/2020.4.304-iimpi-2020b/lib/intel64] ==> dir [/sw/eb/sw/imkl/2020.4.304-iimpi-2020b/lib/intel64]
    arg [-L/sw/eb/sw/impi/2019.9.304-iccifort-2020.4.304/intel64/libfabric/lib] ==> dir [/sw/eb/sw/impi/2019.9.304-iccifort-2020.4.304/intel64/libfabric/lib]
    arg [-L/sw/eb/sw/impi/2019.9.304-iccifort-2020.4.304/intel64/lib/release] ==> dir [/sw/eb/sw/impi/2019.9.304-iccifort-2020.4.304/intel64/lib/release]
    arg [-L/sw/eb/sw/impi/2019.9.304-iccifort-2020.4.304/intel64/lib] ==> dir [/sw/eb/sw/impi/2019.9.304-iccifort-2020.4.304/intel64/lib]
    arg [-L/sw/eb/sw/UCX/1.9.0-GCCcore-10.2.0/lib] ==> dir [/sw/eb/sw/UCX/1.9.0-GCCcore-10.2.0/lib]
    arg [-L/sw/eb/sw/numactl/2.0.13-GCCcore-10.2.0/lib] ==> dir [/sw/eb/sw/numactl/2.0.13-GCCcore-10.2.0/lib]
    arg [-L/sw/eb/sw/iccifort/2020.4.304/compilers_and_libraries_2020.4.304/linux/tbb/lib/intel64/gcc4.8] ==> dir [/sw/eb/sw/iccifort/2020.4.304/compilers_and_libraries_2020.4.304/linux/tbb/lib/intel64/gcc4.8]
    arg [-L/sw/eb/sw/binutils/2.35-GCCcore-10.2.0/lib] ==> dir [/sw/eb/sw/binutils/2.35-GCCcore-10.2.0/lib]
    arg [-L/sw/eb/sw/GCCcore/10.2.0/lib/gcc/x86_64-pc-linux-gnu/10.2.0/../../..] ==> dir [/sw/eb/sw/GCCcore/10.2.0/lib/gcc/x86_64-pc-linux-gnu/10.2.0/../../..]
    arg [CMakeFiles/cmTC_3f09f.dir/CMakeCXXCompilerABI.cpp.o] ==> ignore
    arg [-lstdc++] ==> lib [stdc++]
    arg [-lm] ==> lib [m]
    arg [-lgcc_s] ==> lib [gcc_s]
    arg [-lgcc] ==> lib [gcc]
    arg [-lc] ==> lib [c]
    arg [-lgcc_s] ==> lib [gcc_s]
    arg [-lgcc] ==> lib [gcc]
    arg [/sw/eb/sw/GCCcore/10.2.0/lib/gcc/x86_64-pc-linux-gnu/10.2.0/crtend.o] ==> ignore
    arg [/lib/../lib64/crtn.o] ==> ignore
  collapse library dir [/sw/eb/sw/zlib/1.2.11-intel-2020b/lib/../lib64] ==> [/sw/eb/sw/zlib/1.2.11-intel-2020b/lib64]
  collapse library dir [/sw/eb/sw/UCX/1.9.0-GCCcore-10.2.0/lib/../lib64] ==> [/sw/eb/sw/UCX/1.9.0-GCCcore-10.2.0/lib64]
  collapse library dir [/sw/eb/sw/numactl/2.0.13-GCCcore-10.2.0/lib/../lib64] ==> [/sw/eb/sw/numactl/2.0.13-GCCcore-10.2.0/lib64]
  collapse library dir [/sw/eb/sw/binutils/2.35-GCCcore-10.2.0/lib/../lib64] ==> [/sw/eb/sw/binutils/2.35-GCCcore-10.2.0/lib64]
  collapse library dir [/sw/eb/sw/GCCcore/10.2.0/lib/gcc/x86_64-pc-linux-gnu/10.2.0] ==> [/sw/eb/sw/GCCcore/10.2.0/lib/gcc/x86_64-pc-linux-gnu/10.2.0]
  collapse library dir [/sw/eb/sw/GCCcore/10.2.0/lib/gcc/x86_64-pc-linux-gnu/10.2.0/../../../../lib64] ==> [/sw/eb/sw/GCCcore/10.2.0/lib64]
  collapse library dir [/lib/../lib64] ==> [/lib64]
  collapse library dir [/usr/lib/../lib64] ==> [/usr/lib64]
  collapse library dir [/sw/eb/sw/zlib/1.2.11-intel-2020b/lib] ==> [/sw/eb/sw/zlib/1.2.11-intel-2020b/lib]
  collapse library dir [/sw/eb/sw/imkl/2020.4.304-iimpi-2020b/mkl/lib/intel64] ==> [/sw/eb/sw/imkl/2020.4.304-iimpi-2020b/mkl/lib/intel64]
  collapse library dir [/sw/eb/sw/imkl/2020.4.304-iimpi-2020b/lib/intel64] ==> [/sw/eb/sw/imkl/2020.4.304-iimpi-2020b/lib/intel64]
  collapse library dir [/sw/eb/sw/impi/2019.9.304-iccifort-2020.4.304/intel64/libfabric/lib] ==> [/sw/eb/sw/impi/2019.9.304-iccifort-2020.4.304/intel64/libfabric/lib]
  collapse library dir [/sw/eb/sw/impi/2019.9.304-iccifort-2020.4.304/intel64/lib/release] ==> [/sw/eb/sw/impi/2019.9.304-iccifort-2020.4.304/intel64/lib/release]
  collapse library dir [/sw/eb/sw/impi/2019.9.304-iccifort-2020.4.304/intel64/lib] ==> [/sw/eb/sw/impi/2019.9.304-iccifort-2020.4.304/intel64/lib]
  collapse library dir [/sw/eb/sw/UCX/1.9.0-GCCcore-10.2.0/lib] ==> [/sw/eb/sw/UCX/1.9.0-GCCcore-10.2.0/lib]
  collapse library dir [/sw/eb/sw/numactl/2.0.13-GCCcore-10.2.0/lib] ==> [/sw/eb/sw/numactl/2.0.13-GCCcore-10.2.0/lib]
  collapse library dir [/sw/eb/sw/iccifort/2020.4.304/compilers_and_libraries_2020.4.304/linux/tbb/lib/intel64/gcc4.8] ==> [/sw/eb/sw/iccifort/2020.4.304/compilers_and_libraries_2020.4.304/linux/tbb/lib/intel64/gcc4.8]
  collapse library dir [/sw/eb/sw/binutils/2.35-GCCcore-10.2.0/lib] ==> [/sw/eb/sw/binutils/2.35-GCCcore-10.2.0/lib]
  collapse library dir [/sw/eb/sw/GCCcore/10.2.0/lib/gcc/x86_64-pc-linux-gnu/10.2.0/../../..] ==> [/sw/eb/sw/GCCcore/10.2.0/lib]
  implicit libs: [stdc++;m;gcc_s;gcc;c;gcc_s;gcc]
  implicit dirs: [/sw/eb/sw/zlib/1.2.11-intel-2020b/lib64;/sw/eb/sw/UCX/1.9.0-GCCcore-10.2.0/lib64;/sw/eb/sw/numactl/2.0.13-GCCcore-10.2.0/lib64;/sw/eb/sw/binutils/2.35-GCCcore-10.2.0/lib64;/sw/eb/sw/GCCcore/10.2.0/lib/gcc/x86_64-pc-linux-gnu/10.2.0;/sw/eb/sw/GCCcore/10.2.0/lib64;/lib64;/usr/lib64;/sw/eb/sw/zlib/1.2.11-intel-2020b/lib;/sw/eb/sw/imkl/2020.4.304-iimpi-2020b/mkl/lib/intel64;/sw/eb/sw/imkl/2020.4.304-iimpi-2020b/lib/intel64;/sw/eb/sw/impi/2019.9.304-iccifort-2020.4.304/intel64/libfabric/lib;/sw/eb/sw/impi/2019.9.304-iccifort-2020.4.304/intel64/lib/release;/sw/eb/sw/impi/2019.9.304-iccifort-2020.4.304/intel64/lib;/sw/eb/sw/UCX/1.9.0-GCCcore-10.2.0/lib;/sw/eb/sw/numactl/2.0.13-GCCcore-10.2.0/lib;/sw/eb/sw/iccifort/2020.4.304/compilers_and_libraries_2020.4.304/linux/tbb/lib/intel64/gcc4.8;/sw/eb/sw/binutils/2.35-GCCcore-10.2.0/lib;/sw/eb/sw/GCCcore/10.2.0/lib]
  implicit fwks: []




Detecting CXX [-std=c++2a] compiler features compiled with the following output:
Change Dir: /home/aurkorouth/proj/435-Project/MPI/CMakeFiles/CMakeTmp

Run Build Command:"/usr/bin/gmake" "cmTC_0beed/fast"
/usr/bin/gmake -f CMakeFiles/cmTC_0beed.dir/build.make CMakeFiles/cmTC_0beed.dir/build
gmake[1]: Entering directory `/home/aurkorouth/proj/435-Project/MPI/CMakeFiles/CMakeTmp'
Building CXX object CMakeFiles/cmTC_0beed.dir/feature_tests.cxx.o
/sw/eb/sw/GCCcore/10.2.0/bin/c++    -std=c++2a -o CMakeFiles/cmTC_0beed.dir/feature_tests.cxx.o -c /home/aurkorouth/proj/435-Project/MPI/CMakeFiles/feature_tests.cxx
Linking CXX executable cmTC_0beed
/sw/eb/sw/CMake/3.12.1/bin/cmake -E cmake_link_script CMakeFiles/cmTC_0beed.dir/link.txt --verbose=1
/sw/eb/sw/GCCcore/10.2.0/bin/c++       CMakeFiles/cmTC_0beed.dir/feature_tests.cxx.o  -o cmTC_0beed 
gmake[1]: Leaving directory `/home/aurkorouth/proj/435-Project/MPI/CMakeFiles/CMakeTmp'


    Feature record: CXX_FEATURE:1cxx_aggregate_default_initializers
    Feature record: CXX_FEATURE:1cxx_alias_templates
    Feature record: CXX_FEATURE:1cxx_alignas
    Feature record: CXX_FEATURE:1cxx_alignof
    Feature record: CXX_FEATURE:1cxx_attributes
    Feature record: CXX_FEATURE:1cxx_attribute_deprecated
    Feature record: CXX_FEATURE:1cxx_auto_type
    Feature record: CXX_FEATURE:1cxx_binary_literals
    Feature record: CXX_FEATURE:1cxx_constexpr
    Feature record: CXX_FEATURE:1cxx_contextual_conversions
    Feature record: CXX_FEATURE:1cxx_decltype
    Feature record: CXX_FEATURE:1cxx_decltype_auto
    Feature record: CXX_FEATURE:1cxx_decltype_incomplete_return_types
    Feature record: CXX_FEATURE:1cxx_default_function_template_args
    Feature record: CXX_FEATURE:1cxx_defaulted_functions
    Feature record: CXX_FEATURE:1cxx_defaulted_move_initializers
    Feature record: CXX_FEATURE:1cxx_delegating_constructors
    Feature record: CXX_FEATURE:1cxx_deleted_functions
    Feature record: CXX_FEATURE:1cxx_digit_separators
    Feature record: CXX_FEATURE:1cxx_enum_forward_declarations
    Feature record: CXX_FEATURE:1cxx_explicit_conversions
    Feature record: CXX_FEATURE:1cxx_extended_friend_declarations
    Feature record: CXX_FEATURE:1cxx_extern_templates
    Feature record: CXX_FEATURE:1cxx_final
    Feature record: CXX_FEATURE:1cxx_func_identifier
    Feature record: CXX_FEATURE:1cxx_generalized_initializers
    Feature record: CXX_FEATURE:1cxx_generic_lambdas
    Feature record: CXX_FEATURE:1cxx_inheriting_constructors
    Feature record: CXX_FEATURE:1cxx_inline_namespaces
    Feature record: CXX_FEATURE:1cxx_lambdas
    Feature record: CXX_FEATURE:1cxx_lambda_init_captures
    Feature record: CXX_FEATURE:1cxx_local_type_template_args
    Feature record: CXX_FEATURE:1cxx_long_long_type
    Feature record: CXX_FEATURE:1cxx_noexcept
    Feature record: CXX_FEATURE:1cxx_nonstatic_member_init
    Feature record: CXX_FEATURE:1cxx_nullptr
    Feature record: CXX_FEATURE:1cxx_override
    Feature record: CXX_FEATURE:1cxx_range_for
    Feature record: CXX_FEATURE:1cxx_raw_string_literals
    Feature record: CXX_FEATURE:1cxx_reference_qualified_functions
    Feature record: CXX_FEATURE:1cxx_relaxed_constexpr
    Feature record: CXX_FEATURE:1cxx_return_type_deduction
    Feature record: CXX_FEATURE:1cxx_right_angle_brackets
    Feature record: CXX_FEATURE:1cxx_rvalue_references
    Feature record: CXX_FEATURE:1cxx_sizeof_member
    Feature record: CXX_FEATURE:1cxx_static_assert
    Feature record: CXX_FEATURE:1cxx_strong_enums
    Feature record: CXX_FEATURE:1cxx_template_template_parameters
    Feature record: CXX_FEATURE:1cxx_thread_local
    Feature record: CXX_FEATURE:1cxx_trailing_return_types
    Feature record: CXX_FEATURE:1cxx_unicode_literals
    Feature record: CXX_FEATURE:1cxx_uniform_initialization
    Feature record: CXX_FEATURE:1cxx_unrestricted_unions
    Feature record: CXX_FEATURE:1cxx_user_literals
    Feature record: CXX_FEATURE:1cxx_variable_templates
    Feature record: CXX_FEATURE:1cxx_variadic_macros
    Feature record: CXX_FEATURE:1cxx_variadic_templates


Detecting CXX [-std=c++17] compiler features compiled with the following output:
Change Dir: /home/aurkorouth/proj/435-Project/MPI/CMakeFiles/CMakeTmp

Run Build Command:"/usr/bin/gmake" "cmTC_ae838/fast"
/usr/bin/gmake -f CMakeFiles/cmTC_ae838.dir/build.make CMakeFiles/cmTC_ae838.dir/build
gmake[1]: Entering directory `/home/aurkorouth/proj/435-Project/MPI/CMakeFiles/CMakeTmp'
Building CXX object CMakeFiles/cmTC_ae838.dir/feature_tests.cxx.o
/sw/eb/sw/GCCcore/10.2.0/bin/c++    -std=c++17 -o CMakeFiles/cmTC_ae838.dir/feature_tests.cxx.o -c /home/aurkorouth/proj/435-Project/MPI/CMakeFiles/feature_tests.cxx
Linking CXX executable cmTC_ae838
/sw/eb/sw/CMake/3.12.1/bin/cmake -E cmake_link_script CMakeFiles/cmTC_ae838.dir/link.txt --verbose=1
/sw/eb/sw/GCCcore/10.2.0/bin/c++       CMakeFiles/cmTC_ae838.dir/feature_tests.cxx.o  -o cmTC_ae838 
gmake[1]: Leaving directory `/home/aurkorouth/proj/435-Project/MPI/CMakeFiles/CMakeTmp'


    Feature record: CXX_FEATURE:1cxx_aggregate_default_initializers
    Feature record: CXX_FEATURE:1cxx_alias_templates
    Feature record: CXX_FEATURE:1cxx_alignas
    Feature record: CXX_FEATURE:1cxx_alignof
    Feature record: CXX_FEATURE:1cxx_attributes
    Feature record: CXX_FEATURE:1cxx_attribute_deprecated
    Feature record: CXX_FEATURE:1cxx_auto_type
    Feature record: CXX_FEATURE:1cxx_binary_literals
    Feature record: CXX_FEATURE:1cxx_constexpr
    Feature record: CXX_FEATURE:1cxx_contextual_conversions
    Feature record: CXX_FEATURE:1cxx_decltype
    Feature record: CXX_FEATURE:1cxx_decltype_auto
    Feature record: CXX_FEATURE:1cxx_decltype_incomplete_return_types
    Feature record: CXX_FEATURE:1cxx_default_function_template_args
    Feature record: CXX_FEATURE:1cxx_defaulted_functions
    Feature record: CXX_FEATURE:1cxx_defaulted_move_initializers
    Feature record: CXX_FEATURE:1cxx_delegating_constructors
    Feature record: CXX_FEATURE:1cxx_deleted_functions
    Feature record: CXX_FEATURE:1cxx_digit_separators
    Feature record: CXX_FEATURE:1cxx_enum_forward_declarations
    Feature record: CXX_FEATURE:1cxx_explicit_conversions
    Feature record: CXX_FEATURE:1cxx_extended_friend_declarations
    Feature record: CXX_FEATURE:1cxx_extern_templates
    Feature record: CXX_FEATURE:1cxx_final
    Feature record: CXX_FEATURE:1cxx_func_identifier
    Feature record: CXX_FEATURE:1cxx_generalized_initializers
    Feature record: CXX_FEATURE:1cxx_generic_lambdas
    Feature record: CXX_FEATURE:1cxx_inheriting_constructors
    Feature record: CXX_FEATURE:1cxx_inline_namespaces
    Feature record: CXX_FEATURE:1cxx_lambdas
    Feature record: CXX_FEATURE:1cxx_lambda_init_captures
    Feature record: CXX_FEATURE:1cxx_local_type_template_args
    Feature record: CXX_FEATURE:1cxx_long_long_type
    Feature record: CXX_FEATURE:1cxx_noexcept
    Feature record: CXX_FEATURE:1cxx_nonstatic_member_init
    Feature record: CXX_FEATURE:1cxx_nullptr
    Feature record: CXX_FEATURE:1cxx_override
    Feature record: CXX_FEATURE:1cxx_range_for
    Feature record: CXX_FEATURE:1cxx_raw_string_literals
    Feature record: CXX_FEATURE:1cxx_reference_qualified_functions
    Feature record: CXX_FEATURE:1cxx_relaxed_constexpr
    Feature record: CXX_FEATURE:1cxx_return_type_deduction
    Feature record: CXX_FEATURE:1cxx_right_angle_brackets
    Feature record: CXX_FEATURE:1cxx_rvalue_references
    Feature record: CXX_FEATURE:1cxx_sizeof_member
    Feature record: CXX_FEATURE:1cxx_static_assert
    Feature record: CXX_FEATURE:1cxx_strong_enums
    Feature record: CXX_FEATURE:1cxx_template_template_parameters
    Feature record: CXX_FEATURE:1cxx_thread_local
    Feature record: CXX_FEATURE:1cxx_trailing_return_types
    Feature record: CXX_FEATURE:1cxx_unicode_literals
    Feature record: CXX_FEATURE:1cxx_uniform_initialization
    Feature record: CXX_FEATURE:1cxx_unrestricted_unions
    Feature record: CXX_FEATURE:1cxx_user_literals
    Feature record: CXX_FEATURE:1cxx_variable_templates
    Feature record: CXX_FEATURE:1cxx_variadic_macros
    Feature record: CXX_FEATURE:1cxx_variadic_templates


Detecting CXX [-std=c++14] compiler features compiled with the following output:
Change Dir: /home/aurkorouth/proj/435-Project/MPI/CMakeFiles/CMakeTmp

Run Build Command:"/usr/bin/gmake" "cmTC_7cecb/fast"
/usr/bin/gmake -f CMakeFiles/cmTC_7cecb.dir/build.make CMakeFiles/cmTC_7cecb.dir/build
gmake[1]: Entering directory `/home/aurkorouth/proj/435-Project/MPI/CMakeFiles/CMakeTmp'
Building CXX object CMakeFiles/cmTC_7cecb.dir/feature_tests.cxx.o
/sw/eb/sw/GCCcore/10.2.0/bin/c++    -std=c++14 -o CMakeFiles/cmTC_7cecb.dir/feature_tests.cxx.o -c /home/aurkorouth/proj/435-Project/MPI/CMakeFiles/feature_tests.cxx
Linking CXX executable cmTC_7cecb
/sw/eb/sw/CMake/3.12.1/bin/cmake -E cmake_link_script CMakeFiles/cmTC_7cecb.dir/link.txt --verbose=1
/sw/eb/sw/GCCcore/10.2.0/bin/c++       CMakeFiles/cmTC_7cecb.dir/feature_tests.cxx.o  -o cmTC_7cecb 
gmake[1]: Leaving directory `/home/aurkorouth/proj/435-Project/MPI/CMakeFiles/CMakeTmp'


    Feature record: CXX_FEATURE:1cxx_aggregate_default_initializers
    Feature record: CXX_FEATURE:1cxx_alias_templates
    Feature record: CXX_FEATURE:1cxx_alignas
    Feature record: CXX_FEATURE:1cxx_alignof
    Feature record: CXX_FEATURE:1cxx_attributes
    Feature record: CXX_FEATURE:1cxx_attribute_deprecated
    Feature record: CXX_FEATURE:1cxx_auto_type
    Feature record: CXX_FEATURE:1cxx_binary_literals
    Feature record: CXX_FEATURE:1cxx_constexpr
    Feature record: CXX_FEATURE:1cxx_contextual_conversions
    Feature record: CXX_FEATURE:1cxx_decltype
    Feature record: CXX_FEATURE:1cxx_decltype_auto
    Feature record: CXX_FEATURE:1cxx_decltype_incomplete_return_types
    Feature record: CXX_FEATURE:1cxx_default_function_template_args
    Feature record: CXX_FEATURE:1cxx_defaulted_functions
    Feature record: CXX_FEATURE:1cxx_defaulted_move_initializers
    Feature record: CXX_FEATURE:1cxx_delegating_constructors
    Feature record: CXX_FEATURE:1cxx_deleted_functions
    Feature record: CXX_FEATURE:1cxx_digit_separators
    Feature record: CXX_FEATURE:1cxx_enum_forward_declarations
    Feature record: CXX_FEATURE:1cxx_explicit_conversions
    Feature record: CXX_FEATURE:1cxx_extended_friend_declarations
    Feature record: CXX_FEATURE:1cxx_extern_templates
    Feature record: CXX_FEATURE:1cxx_final
    Feature record: CXX_FEATURE:1cxx_func_identifier
    Feature record: CXX_FEATURE:1cxx_generalized_initializers
    Feature record: CXX_FEATURE:1cxx_generic_lambdas
    Feature record: CXX_FEATURE:1cxx_inheriting_constructors
    Feature record: CXX_FEATURE:1cxx_inline_namespaces
    Feature record: CXX_FEATURE:1cxx_lambdas
    Feature record: CXX_FEATURE:1cxx_lambda_init_captures
    Feature record: CXX_FEATURE:1cxx_local_type_template_args
    Feature record: CXX_FEATURE:1cxx_long_long_type
    Feature record: CXX_FEATURE:1cxx_noexcept
    Feature record: CXX_FEATURE:1cxx_nonstatic_member_init
    Feature record: CXX_FEATURE:1cxx_nullptr
    Feature record: CXX_FEATURE:1cxx_override
    Feature record: CXX_FEATURE:1cxx_range_for
    Feature record: CXX_FEATURE:1cxx_raw_string_literals
    Feature record: CXX_FEATURE:1cxx_reference_qualified_functions
    Feature record: CXX_FEATURE:1cxx_relaxed_constexpr
    Feature record: CXX_FEATURE:1cxx_return_type_deduction
    Feature record: CXX_FEATURE:1cxx_right_angle_brackets
    Feature record: CXX_FEATURE:1cxx_rvalue_references
    Feature record: CXX_FEATURE:1cxx_sizeof_member
    Feature record: CXX_FEATURE:1cxx_static_assert
    Feature record: CXX_FEATURE:1cxx_strong_enums
    Feature record: CXX_FEATURE:1cxx_template_template_parameters
    Feature record: CXX_FEATURE:1cxx_thread_local
    Feature record: CXX_FEATURE:1cxx_trailing_return_types
    Feature record: CXX_FEATURE:1cxx_unicode_literals
    Feature record: CXX_FEATURE:1cxx_uniform_initialization
    Feature record: CXX_FEATURE:1cxx_unrestricted_unions
    Feature record: CXX_FEATURE:1cxx_user_literals
    Feature record: CXX_FEATURE:1cxx_variable_templates
    Feature record: CXX_FEATURE:1cxx_variadic_macros
    Feature record: CXX_FEATURE:1cxx_variadic_templates


Detecting CXX [-std=c++11] compiler features compiled with the following output:
Change Dir: /home/aurkorouth/proj/435-Project/MPI/CMakeFiles/CMakeTmp

Run Build Command:"/usr/bin/gmake" "cmTC_034f7/fast"
/usr/bin/gmake -f CMakeFiles/cmTC_034f7.dir/build.make CMakeFiles/cmTC_034f7.dir/build
gmake[1]: Entering directory `/home/aurkorouth/proj/435-Project/MPI/CMakeFiles/CMakeTmp'
Building CXX object CMakeFiles/cmTC_034f7.dir/feature_tests.cxx.o
/sw/eb/sw/GCCcore/10.2.0/bin/c++    -std=c++11 -o CMakeFiles/cmTC_034f7.dir/feature_tests.cxx.o -c /home/aurkorouth/proj/435-Project/MPI/CMakeFiles/feature_tests.cxx
Linking CXX executable cmTC_034f7
/sw/eb/sw/CMake/3.12.1/bin/cmake -E cmake_link_script CMakeFiles/cmTC_034f7.dir/link.txt --verbose=1
/sw/eb/sw/GCCcore/10.2.0/bin/c++       CMakeFiles/cmTC_034f7.dir/feature_tests.cxx.o  -o cmTC_034f7 
gmake[1]: Leaving directory `/home/aurkorouth/proj/435-Project/MPI/CMakeFiles/CMakeTmp'


    Feature record: CXX_FEATURE:0cxx_aggregate_default_initializers
    Feature record: CXX_FEATURE:1cxx_alias_templates
    Feature record: CXX_FEATURE:1cxx_alignas
    Feature record: CXX_FEATURE:1cxx_alignof
    Feature record: CXX_FEATURE:1cxx_attributes
    Feature record: CXX_FEATURE:0cxx_attribute_deprecated
    Feature record: CXX_FEATURE:1cxx_auto_type
    Feature record: CXX_FEATURE:0cxx_binary_literals
    Feature record: CXX_FEATURE:1cxx_constexpr
    Feature record: CXX_FEATURE:0cxx_contextual_conversions
    Feature record: CXX_FEATURE:1cxx_decltype
    Feature record: CXX_FEATURE:0cxx_decltype_auto
    Feature record: CXX_FEATURE:1cxx_decltype_incomplete_return_types
    Feature record: CXX_FEATURE:1cxx_default_function_template_args
    Feature record: CXX_FEATURE:1cxx_defaulted_functions
    Feature record: CXX_FEATURE:1cxx_defaulted_move_initializers
    Feature record: CXX_FEATURE:1cxx_delegating_constructors
    Feature record: CXX_FEATURE:1cxx_deleted_functions
    Feature record: CXX_FEATURE:0cxx_digit_separators
    Feature record: CXX_FEATURE:1cxx_enum_forward_declarations
    Feature record: CXX_FEATURE:1cxx_explicit_conversions
    Feature record: CXX_FEATURE:1cxx_extended_friend_declarations
    Feature record: CXX_FEATURE:1cxx_extern_templates
    Feature record: CXX_FEATURE:1cxx_final
    Feature record: CXX_FEATURE:1cxx_func_identifier
    Feature record: CXX_FEATURE:1cxx_generalized_initializers
    Feature record: CXX_FEATURE:0cxx_generic_lambdas
    Feature record: CXX_FEATURE:1cxx_inheriting_constructors
    Feature record: CXX_FEATURE:1cxx_inline_namespaces
    Feature record: CXX_FEATURE:1cxx_lambdas
    Feature record: CXX_FEATURE:0cxx_lambda_init_captures
    Feature record: CXX_FEATURE:1cxx_local_type_template_args
    Feature record: CXX_FEATURE:1cxx_long_long_type
    Feature record: CXX_FEATURE:1cxx_noexcept
    Feature record: CXX_FEATURE:1cxx_nonstatic_member_init
    Feature record: CXX_FEATURE:1cxx_nullptr
    Feature record: CXX_FEATURE:1cxx_override
    Feature record: CXX_FEATURE:1cxx_range_for
    Feature record: CXX_FEATURE:1cxx_raw_string_literals
    Feature record: CXX_FEATURE:1cxx_reference_qualified_functions
    Feature record: CXX_FEATURE:0cxx_relaxed_constexpr
    Feature record: CXX_FEATURE:0cxx_return_type_deduction
    Feature record: CXX_FEATURE:1cxx_right_angle_brackets
    Feature record: CXX_FEATURE:1cxx_rvalue_references
    Feature record: CXX_FEATURE:1cxx_sizeof_member
    Feature record: CXX_FEATURE:1cxx_static_assert
    Feature record: CXX_FEATURE:1cxx_strong_enums
    Feature record: CXX_FEATURE:1cxx_template_template_parameters
    Feature record: CXX_FEATURE:1cxx_thread_local
    Feature record: CXX_FEATURE:1cxx_trailing_return_types
    Feature record: CXX_FEATURE:1cxx_unicode_literals
    Feature record: CXX_FEATURE:1cxx_uniform_initialization
    Feature record: CXX_FEATURE:1cxx_unrestricted_unions
    Feature record: CXX_FEATURE:1cxx_user_literals
    Feature record: CXX_FEATURE:0cxx_variable_templates
    Feature record: CXX_FEATURE:1cxx_variadic_macros
    Feature record: CXX_FEATURE:1cxx_variadic_templates


Detecting CXX [-std=c++98] compiler features compiled with the following output:
Change Dir: /home/aurkorouth/proj/435-Project/MPI/CMakeFiles/CMakeTmp

Run Build Command:"/usr/bin/gmake" "cmTC_b3fcf/fast"
/usr/bin/gmake -f CMakeFiles/cmTC_b3fcf.dir/build.make CMakeFiles/cmTC_b3fcf.dir/build
gmake[1]: Entering directory `/home/aurkorouth/proj/435-Project/MPI/CMakeFiles/CMakeTmp'
Building CXX object CMakeFiles/cmTC_b3fcf.dir/feature_tests.cxx.o
/sw/eb/sw/GCCcore/10.2.0/bin/c++    -std=c++98 -o CMakeFiles/cmTC_b3fcf.dir/feature_tests.cxx.o -c /home/aurkorouth/proj/435-Project/MPI/CMakeFiles/feature_tests.cxx
Linking CXX executable cmTC_b3fcf
/sw/eb/sw/CMake/3.12.1/bin/cmake -E cmake_link_script CMakeFiles/cmTC_b3fcf.dir/link.txt --verbose=1
/sw/eb/sw/GCCcore/10.2.0/bin/c++       CMakeFiles/cmTC_b3fcf.dir/feature_tests.cxx.o  -o cmTC_b3fcf 
gmake[1]: Leaving directory `/home/aurkorouth/proj/435-Project/MPI/CMakeFiles/CMakeTmp'


    Feature record: CXX_FEATURE:0cxx_aggregate_default_initializers
    Feature record: CXX_FEATURE:0cxx_alias_templates
    Feature record: CXX_FEATURE:0cxx_alignas
    Feature record: CXX_FEATURE:0cxx_alignof
    Feature record: CXX_FEATURE:0cxx_attributes
    Feature record: CXX_FEATURE:0cxx_attribute_deprecated
    Feature record: CXX_FEATURE:0cxx_auto_type
    Feature record: CXX_FEATURE:0cxx_binary_literals
    Feature record: CXX_FEATURE:0cxx_constexpr
    Feature record: CXX_FEATURE:0cxx_contextual_conversions
    Feature record: CXX_FEATURE:0cxx_decltype
    Feature record: CXX_FEATURE:0cxx_decltype_auto
    Feature record: CXX_FEATURE:0cxx_decltype_incomplete_return_types
    Feature record: CXX_FEATURE:0cxx_default_function_template_args
    Feature record: CXX_FEATURE:0cxx_defaulted_functions
    Feature record: CXX_FEATURE:0cxx_defaulted_move_initializers
    Feature record: CXX_FEATURE:0cxx_delegating_constructors
    Feature record: CXX_FEATURE:0cxx_deleted_functions
    Feature record: CXX_FEATURE:0cxx_digit_separators
    Feature record: CXX_FEATURE:0cxx_enum_forward_declarations
    Feature record: CXX_FEATURE:0cxx_explicit_conversions
    Feature record: CXX_FEATURE:0cxx_extended_friend_declarations
    Feature record: CXX_FEATURE:0cxx_extern_templates
    Feature record: CXX_FEATURE:0cxx_final
    Feature record: CXX_FEATURE:0cxx_func_identifier
    Feature record: CXX_FEATURE:0cxx_generalized_initializers
    Feature record: CXX_FEATURE:0cxx_generic_lambdas
    Feature record: CXX_FEATURE:0cxx_inheriting_constructors
    Feature record: CXX_FEATURE:0cxx_inline_namespaces
    Feature record: CXX_FEATURE:0cxx_lambdas
    Feature record: CXX_FEATURE:0cxx_lambda_init_captures
    Feature record: CXX_FEATURE:0cxx_local_type_template_args
    Feature record: CXX_FEATURE:0cxx_long_long_type
    Feature record: CXX_FEATURE:0cxx_noexcept
    Feature record: CXX_FEATURE:0cxx_nonstatic_member_init
    Feature record: CXX_FEATURE:0cxx_nullptr
    Feature record: CXX_FEATURE:0cxx_override
    Feature record: CXX_FEATURE:0cxx_range_for
    Feature record: CXX_FEATURE:0cxx_raw_string_literals
    Feature record: CXX_FEATURE:0cxx_reference_qualified_functions
    Feature record: CXX_FEATURE:0cxx_relaxed_constexpr
    Feature record: CXX_FEATURE:0cxx_return_type_deduction
    Feature record: CXX_FEATURE:0cxx_right_angle_brackets
    Feature record: CXX_FEATURE:0cxx_rvalue_references
    Feature record: CXX_FEATURE:0cxx_sizeof_member
    Feature record: CXX_FEATURE:0cxx_static_assert
    Feature record: CXX_FEATURE:0cxx_strong_enums
    Feature record: CXX_FEATURE:1cxx_template_template_parameters
    Feature record: CXX_FEATURE:0cxx_thread_local
    Feature record: CXX_FEATURE:0cxx_trailing_return_types
    Feature record: CXX_FEATURE:0cxx_unicode_literals
    Feature record: CXX_FEATURE:0cxx_uniform_initialization
    Feature record: CXX_FEATURE:0cxx_unrestricted_unions
    Feature record: CXX_FEATURE:0cxx_user_literals
    Feature record: CXX_FEATURE:0cxx_variable_templates
    Feature record: CXX_FEATURE:0cxx_variadic_macros
    Feature record: CXX_FEATURE:0cxx_variadic_templates
Determining if the include file pthread.h exists passed with the following output:
Change Dir: /home/aurkorouth/proj/435-Project/MPI/CMakeFiles/CMakeTmp

Run Build Command:"/usr/bin/gmake" "cmTC_4ea24/fast"
/usr/bin/gmake -f CMakeFiles/cmTC_4ea24.dir/build.make CMakeFiles/cmTC_4ea24.dir/build
gmake[1]: Entering directory `/home/aurkorouth/proj/435-Project/MPI/CMakeFiles/CMakeTmp'
Building CXX object CMakeFiles/cmTC_4ea24.dir/CheckIncludeFile.cxx.o
/sw/eb/sw/GCCcore/10.2.0/bin/c++     -o CMakeFiles/cmTC_4ea24.dir/CheckIncludeFile.cxx.o -c /home/aurkorouth/proj/435-Project/MPI/CMakeFiles/CMakeTmp/CheckIncludeFile.cxx
Linking CXX executable cmTC_4ea24
/sw/eb/sw/CMake/3.12.1/bin/cmake -E cmake_link_script CMakeFiles/cmTC_4ea24.dir/link.txt --verbose=1
/sw/eb/sw/GCCcore/10.2.0/bin/c++       CMakeFiles/cmTC_4ea24.dir/CheckIncludeFile.cxx.o  -o cmTC_4ea24 
gmake[1]: Leaving directory `/home/aurkorouth/proj/435-Project/MPI/CMakeFiles/CMakeTmp'


Determining if the function pthread_create exists in the pthread passed with the following output:
Change Dir: /home/aurkorouth/proj/435-Project/MPI/CMakeFiles/CMakeTmp

Run Build Command:"/usr/bin/gmake" "cmTC_600b1/fast"
/usr/bin/gmake -f CMakeFiles/cmTC_600b1.dir/build.make CMakeFiles/cmTC_600b1.dir/build
gmake[1]: Entering directory `/home/aurkorouth/proj/435-Project/MPI/CMakeFiles/CMakeTmp'
Building CXX object CMakeFiles/cmTC_600b1.dir/CheckFunctionExists.cxx.o
/sw/eb/sw/GCCcore/10.2.0/bin/c++    -DCHECK_FUNCTION_EXISTS=pthread_create   -o CMakeFiles/cmTC_600b1.dir/CheckFunctionExists.cxx.o -c /home/aurkorouth/proj/435-Project/MPI/CMakeFiles/CheckLibraryExists/CheckFunctionExists.cxx
Linking CXX executable cmTC_600b1
/sw/eb/sw/CMake/3.12.1/bin/cmake -E cmake_link_script CMakeFiles/cmTC_600b1.dir/link.txt --verbose=1
/sw/eb/sw/GCCcore/10.2.0/bin/c++   -DCHECK_FUNCTION_EXISTS=pthread_create    CMakeFiles/cmTC_600b1.dir/CheckFunctionExists.cxx.o  -o cmTC_600b1 -lpthread 
gmake[1]: Leaving directory `/home/aurkorouth/proj/435-Project/MPI/CMakeFiles/CMakeTmp'


