Determining if the pthread_create exist failed with the following output:
Change Dir: /home/aurkorouth/proj/435-Project/mergesort/CUDA/CMakeFiles/CMakeTmp

Run Build Command:"/usr/bin/gmake" "cmTC_d24b0/fast"
/usr/bin/gmake -f CMakeFiles/cmTC_d24b0.dir/build.make CMakeFiles/cmTC_d24b0.dir/build
gmake[1]: Entering directory `/home/aurkorouth/proj/435-Project/mergesort/CUDA/CMakeFiles/CMakeTmp'
Building CXX object CMakeFiles/cmTC_d24b0.dir/CheckSymbolExists.cxx.o
/sw/eb/sw/GCCcore/7.3.0/bin/c++     -o CMakeFiles/cmTC_d24b0.dir/CheckSymbolExists.cxx.o -c /home/aurkorouth/proj/435-Project/mergesort/CUDA/CMakeFiles/CMakeTmp/CheckSymbolExists.cxx
Linking CXX executable cmTC_d24b0
/sw/eb/sw/CMake/3.12.1-GCCcore-7.3.0/bin/cmake -E cmake_link_script CMakeFiles/cmTC_d24b0.dir/link.txt --verbose=1
/sw/eb/sw/GCCcore/7.3.0/bin/c++       CMakeFiles/cmTC_d24b0.dir/CheckSymbolExists.cxx.o  -o cmTC_d24b0 
CMakeFiles/cmTC_d24b0.dir/CheckSymbolExists.cxx.o:CheckSymbolExists.cxx:function main: error: undefined reference to 'pthread_create'
collect2: error: ld returned 1 exit status
gmake[1]: *** [cmTC_d24b0] Error 1
gmake[1]: Leaving directory `/home/aurkorouth/proj/435-Project/mergesort/CUDA/CMakeFiles/CMakeTmp'
gmake: *** [cmTC_d24b0/fast] Error 2

File /home/aurkorouth/proj/435-Project/mergesort/CUDA/CMakeFiles/CMakeTmp/CheckSymbolExists.cxx:
/* */
#include <pthread.h>

int main(int argc, char** argv)
{
  (void)argv;
#ifndef pthread_create
  return ((int*)(&pthread_create))[argc];
#else
  (void)argc;
  return 0;
#endif
}

Determining if the function pthread_create exists in the pthreads failed with the following output:
Change Dir: /home/aurkorouth/proj/435-Project/mergesort/CUDA/CMakeFiles/CMakeTmp

Run Build Command:"/usr/bin/gmake" "cmTC_b932a/fast"
/usr/bin/gmake -f CMakeFiles/cmTC_b932a.dir/build.make CMakeFiles/cmTC_b932a.dir/build
gmake[1]: Entering directory `/home/aurkorouth/proj/435-Project/mergesort/CUDA/CMakeFiles/CMakeTmp'
Building CXX object CMakeFiles/cmTC_b932a.dir/CheckFunctionExists.cxx.o
/sw/eb/sw/GCCcore/7.3.0/bin/c++    -DCHECK_FUNCTION_EXISTS=pthread_create   -o CMakeFiles/cmTC_b932a.dir/CheckFunctionExists.cxx.o -c /home/aurkorouth/proj/435-Project/mergesort/CUDA/CMakeFiles/CheckLibraryExists/CheckFunctionExists.cxx
Linking CXX executable cmTC_b932a
/sw/eb/sw/CMake/3.12.1-GCCcore-7.3.0/bin/cmake -E cmake_link_script CMakeFiles/cmTC_b932a.dir/link.txt --verbose=1
/sw/eb/sw/GCCcore/7.3.0/bin/c++   -DCHECK_FUNCTION_EXISTS=pthread_create    CMakeFiles/cmTC_b932a.dir/CheckFunctionExists.cxx.o  -o cmTC_b932a -lpthreads 
/sw/eb/sw/binutils/2.35/bin/ld.gold: error: cannot find -lpthreads
CMakeFiles/cmTC_b932a.dir/CheckFunctionExists.cxx.o:CheckFunctionExists.cxx:function main: error: undefined reference to 'pthread_create'
collect2: error: ld returned 1 exit status
gmake[1]: *** [cmTC_b932a] Error 1
gmake[1]: Leaving directory `/home/aurkorouth/proj/435-Project/mergesort/CUDA/CMakeFiles/CMakeTmp'
gmake: *** [cmTC_b932a/fast] Error 2


Determining if the pthread_create exist failed with the following output:
Change Dir: /home/aurkorouth/proj/435-Project/CUDA/CMakeFiles/CMakeTmp

Run Build Command:"/usr/bin/gmake" "cmTC_ccb7b/fast"
/usr/bin/gmake -f CMakeFiles/cmTC_ccb7b.dir/build.make CMakeFiles/cmTC_ccb7b.dir/build
gmake[1]: Entering directory `/home/aurkorouth/proj/435-Project/CUDA/CMakeFiles/CMakeTmp'
Building CXX object CMakeFiles/cmTC_ccb7b.dir/CheckSymbolExists.cxx.o
/sw/eb/sw/GCCcore/7.3.0/bin/c++     -o CMakeFiles/cmTC_ccb7b.dir/CheckSymbolExists.cxx.o -c /home/aurkorouth/proj/435-Project/CUDA/CMakeFiles/CMakeTmp/CheckSymbolExists.cxx
Linking CXX executable cmTC_ccb7b
/sw/eb/sw/CMake/3.12.1-GCCcore-7.3.0/bin/cmake -E cmake_link_script CMakeFiles/cmTC_ccb7b.dir/link.txt --verbose=1
/sw/eb/sw/GCCcore/7.3.0/bin/c++       CMakeFiles/cmTC_ccb7b.dir/CheckSymbolExists.cxx.o  -o cmTC_ccb7b 
CMakeFiles/cmTC_ccb7b.dir/CheckSymbolExists.cxx.o:CheckSymbolExists.cxx:function main: error: undefined reference to 'pthread_create'
collect2: error: ld returned 1 exit status
gmake[1]: *** [cmTC_ccb7b] Error 1
gmake[1]: Leaving directory `/home/aurkorouth/proj/435-Project/CUDA/CMakeFiles/CMakeTmp'
gmake: *** [cmTC_ccb7b/fast] Error 2

File /home/aurkorouth/proj/435-Project/CUDA/CMakeFiles/CMakeTmp/CheckSymbolExists.cxx:
/* */
#include <pthread.h>

int main(int argc, char** argv)
{
  (void)argv;
#ifndef pthread_create
  return ((int*)(&pthread_create))[argc];
#else
  (void)argc;
  return 0;
#endif
}

Determining if the function pthread_create exists in the pthreads failed with the following output:
Change Dir: /home/aurkorouth/proj/435-Project/CUDA/CMakeFiles/CMakeTmp

Run Build Command:"/usr/bin/gmake" "cmTC_b7b6a/fast"
/usr/bin/gmake -f CMakeFiles/cmTC_b7b6a.dir/build.make CMakeFiles/cmTC_b7b6a.dir/build
gmake[1]: Entering directory `/home/aurkorouth/proj/435-Project/CUDA/CMakeFiles/CMakeTmp'
Building CXX object CMakeFiles/cmTC_b7b6a.dir/CheckFunctionExists.cxx.o
/sw/eb/sw/GCCcore/7.3.0/bin/c++    -DCHECK_FUNCTION_EXISTS=pthread_create   -o CMakeFiles/cmTC_b7b6a.dir/CheckFunctionExists.cxx.o -c /home/aurkorouth/proj/435-Project/CUDA/CMakeFiles/CheckLibraryExists/CheckFunctionExists.cxx
Linking CXX executable cmTC_b7b6a
/sw/eb/sw/CMake/3.12.1-GCCcore-7.3.0/bin/cmake -E cmake_link_script CMakeFiles/cmTC_b7b6a.dir/link.txt --verbose=1
/sw/eb/sw/GCCcore/7.3.0/bin/c++   -DCHECK_FUNCTION_EXISTS=pthread_create    CMakeFiles/cmTC_b7b6a.dir/CheckFunctionExists.cxx.o  -o cmTC_b7b6a -lpthreads 
/sw/eb/sw/binutils/2.35/bin/ld.gold: error: cannot find -lpthreads
CMakeFiles/cmTC_b7b6a.dir/CheckFunctionExists.cxx.o:CheckFunctionExists.cxx:function main: error: undefined reference to 'pthread_create'
collect2: error: ld returned 1 exit status
gmake[1]: *** [cmTC_b7b6a] Error 1
gmake[1]: Leaving directory `/home/aurkorouth/proj/435-Project/CUDA/CMakeFiles/CMakeTmp'
gmake: *** [cmTC_b7b6a/fast] Error 2


Determining if the pthread_create exist failed with the following output:
Change Dir: /home/aurkorouth/proj/435-Project/CUDA/CMakeFiles/CMakeTmp

Run Build Command:"/usr/bin/gmake" "cmTC_373d8/fast"
/usr/bin/gmake -f CMakeFiles/cmTC_373d8.dir/build.make CMakeFiles/cmTC_373d8.dir/build
gmake[1]: Entering directory `/home/aurkorouth/proj/435-Project/CUDA/CMakeFiles/CMakeTmp'
Building CXX object CMakeFiles/cmTC_373d8.dir/CheckSymbolExists.cxx.o
/sw/eb/sw/GCCcore/7.3.0/bin/c++     -o CMakeFiles/cmTC_373d8.dir/CheckSymbolExists.cxx.o -c /home/aurkorouth/proj/435-Project/CUDA/CMakeFiles/CMakeTmp/CheckSymbolExists.cxx
Linking CXX executable cmTC_373d8
/sw/eb/sw/CMake/3.12.1-GCCcore-7.3.0/bin/cmake -E cmake_link_script CMakeFiles/cmTC_373d8.dir/link.txt --verbose=1
/sw/eb/sw/GCCcore/7.3.0/bin/c++       CMakeFiles/cmTC_373d8.dir/CheckSymbolExists.cxx.o  -o cmTC_373d8 
CMakeFiles/cmTC_373d8.dir/CheckSymbolExists.cxx.o:CheckSymbolExists.cxx:function main: error: undefined reference to 'pthread_create'
collect2: error: ld returned 1 exit status
gmake[1]: *** [cmTC_373d8] Error 1
gmake[1]: Leaving directory `/home/aurkorouth/proj/435-Project/CUDA/CMakeFiles/CMakeTmp'
gmake: *** [cmTC_373d8/fast] Error 2

File /home/aurkorouth/proj/435-Project/CUDA/CMakeFiles/CMakeTmp/CheckSymbolExists.cxx:
/* */
#include <pthread.h>

int main(int argc, char** argv)
{
  (void)argv;
#ifndef pthread_create
  return ((int*)(&pthread_create))[argc];
#else
  (void)argc;
  return 0;
#endif
}

Determining if the function pthread_create exists in the pthreads failed with the following output:
Change Dir: /home/aurkorouth/proj/435-Project/CUDA/CMakeFiles/CMakeTmp

Run Build Command:"/usr/bin/gmake" "cmTC_86ec2/fast"
/usr/bin/gmake -f CMakeFiles/cmTC_86ec2.dir/build.make CMakeFiles/cmTC_86ec2.dir/build
gmake[1]: Entering directory `/home/aurkorouth/proj/435-Project/CUDA/CMakeFiles/CMakeTmp'
Building CXX object CMakeFiles/cmTC_86ec2.dir/CheckFunctionExists.cxx.o
/sw/eb/sw/GCCcore/7.3.0/bin/c++    -DCHECK_FUNCTION_EXISTS=pthread_create   -o CMakeFiles/cmTC_86ec2.dir/CheckFunctionExists.cxx.o -c /home/aurkorouth/proj/435-Project/CUDA/CMakeFiles/CheckLibraryExists/CheckFunctionExists.cxx
Linking CXX executable cmTC_86ec2
/sw/eb/sw/CMake/3.12.1-GCCcore-7.3.0/bin/cmake -E cmake_link_script CMakeFiles/cmTC_86ec2.dir/link.txt --verbose=1
/sw/eb/sw/GCCcore/7.3.0/bin/c++   -DCHECK_FUNCTION_EXISTS=pthread_create    CMakeFiles/cmTC_86ec2.dir/CheckFunctionExists.cxx.o  -o cmTC_86ec2 -lpthreads 
/sw/eb/sw/binutils/2.35/bin/ld.gold: error: cannot find -lpthreads
CMakeFiles/cmTC_86ec2.dir/CheckFunctionExists.cxx.o:CheckFunctionExists.cxx:function main: error: undefined reference to 'pthread_create'
collect2: error: ld returned 1 exit status
gmake[1]: *** [cmTC_86ec2] Error 1
gmake[1]: Leaving directory `/home/aurkorouth/proj/435-Project/CUDA/CMakeFiles/CMakeTmp'
gmake: *** [cmTC_86ec2/fast] Error 2


